{"numFailedTestSuites":0,"numFailedTests":0,"numPassedTestSuites":26,"numPassedTests":319,"numPendingTestSuites":0,"numPendingTests":0,"numRuntimeErrorTestSuites":0,"numTodoTests":0,"numTotalTestSuites":26,"numTotalTests":319,"openHandles":[],"snapshot":{"added":0,"didUpdate":false,"failure":false,"filesAdded":0,"filesRemoved":0,"filesRemovedList":[],"filesUnmatched":0,"filesUpdated":0,"matched":0,"total":0,"unchecked":0,"uncheckedKeysByFile":[],"unmatched":0,"updated":0},"startTime":1786447959023,"success":true,"testResults":[{"assertionResults":[{"ancestorTitles":["E2E Security Fixture Verification (Phase 5.4.2)","Restricted RBAC User Denials"],"duration":15,"failureDetails":[],"failureMessages":[],"fullName":"E2E Security Fixture Verification (Phase 5.4.2) Restricted RBAC User Denials should return 403 for users.view","invocations":1,"location":null,"numPassingAsserts":1,"retryReasons":[],"status":"passed","title":"should return 403 for users.view"},{"ancestorTitles":["E2E Security Fixture Verification (Phase 5.4.2)","Restricted RBAC User Denials"],"duration":9,"failureDetails":[],"failureMessages":[],"fullName":"E2E Security Fixture Verification (Phase 5.4.2) Restricted RBAC User Denials should return 403 for users.create","invocations":1,"location":null,"numPassingAsserts":1,"retryReasons":[],"status":"passed","title":"should return 403 for users.create"},{"ancestorTitles":["E2E Security Fixture Verification (Phase 5.4.2)","Restricted RBAC User Denials"],"duration":10,"failureDetails":[],"failureMessages":[],"fullName":"E2E Security Fixture Verification (Phase 5.4.2) Restricted RBAC User Denials should return 403 for users.update","invocations":1,"location":null,"numPassingAsserts":1,"retryReasons":[],"status":"passed","title":"should return 403 for users.update"},{"ancestorTitles":["E2E Security Fixture Verification (Phase 5.4.2)","Restricted RBAC User Denials"],"duration":10,"failureDetails":[],"failureMessages":[],"fullName":"E2E Security Fixture Verification (Phase 5.4.2) Restricted RBAC User Denials should return 403 for staff.edit / employees.update","invocations":1,"location":null,"numPassingAsserts":1,"retryReasons":[],"status":"passed","title":"should return 403 for staff.edit / employees.update"},{"ancestorTitles":["E2E Security Fixture Verification (Phase 5.4.2)","Cross-Tenant Isolation"],"duration":13,"failureDetails":[],"failureMessages":[],"fullName":"E2E Security Fixture Verification (Phase 5.4.2) Cross-Tenant Isolation should return 404 when Org A manager requests Org B user","invocations":1,"location":null,"numPassingAsserts":1,"retryReasons":[],"status":"passed","title":"should return 404 when Org A manager requests Org B user"},{"ancestorTitles":["E2E Security Fixture Verification (Phase 5.4.2)","Cross-Tenant Isolation"],"duration":17,"failureDetails":[],"failureMessages":[],"fullName":"E2E Security Fixture Verification (Phase 5.4.2) Cross-Tenant Isolation should return 404 when Org A manager attempts to update Org B user status","invocations":1,"location":null,"numPassingAsserts":1,"retryReasons":[],"status":"passed","title":"should return 404 when Org A manager attempts to update Org B user status"},{"ancestorTitles":["E2E Security Fixture Verification (Phase 5.4.2)","Cross-Tenant Isolation"],"duration":21,"failureDetails":[],"failureMessages":[],"fullName":"E2E Security Fixture Verification (Phase 5.4.2) Cross-Tenant Isolation should return 404 when Org A manager attempts to link Org B staff","invocations":1,"location":null,"numPassingAsserts":1,"retryReasons":[],"status":"passed","title":"should return 404 when Org A manager attempts to link Org B staff"},{"ancestorTitles":["E2E Security Fixture Verification (Phase 5.4.2)","Locked User Recovery"],"duration":20,"failureDetails":[],"failureMessages":[],"fullName":"E2E Security Fixture Verification (Phase 5.4.2) Locked User Recovery should transition locked -> active successfully and clear lock info","invocations":1,"location":null,"numPassingAsserts":4,"retryReasons":[],"status":"passed","title":"should transition locked -> active successfully and clear lock info"},{"ancestorTitles":["E2E Security Fixture Verification (Phase 5.4.2)","Session Invalidation Scenarios"],"duration":149,"failureDetails":[],"failureMessages":[],"fullName":"E2E Security Fixture Verification (Phase 5.4.2) Session Invalidation Scenarios active -> inactive invalidates active sessions","invocations":1,"location":null,"numPassingAsserts":2,"retryReasons":[],"status":"passed","title":"active -> inactive invalidates active sessions"},{"ancestorTitles":["E2E Security Fixture Verification (Phase 5.4.2)","Session Invalidation Scenarios"],"duration":142,"failureDetails":[],"failureMessages":[],"fullName":"E2E Security Fixture Verification (Phase 5.4.2) Session Invalidation Scenarios active -> suspended invalidates active sessions","invocations":1,"location":null,"numPassingAsserts":2,"retryReasons":[],"status":"passed","title":"active -> suspended invalidates active sessions"},{"ancestorTitles":["E2E Security Fixture Verification (Phase 5.4.2)","Owner Protection Enforcement"],"duration":19,"failureDetails":[],"failureMessages":[],"fullName":"E2E Security Fixture Verification (Phase 5.4.2) Owner Protection Enforcement should prevent setting owner status to inactive","invocations":1,"location":null,"numPassingAsserts":2,"retryReasons":[],"status":"passed","title":"should prevent setting owner status to inactive"},{"ancestorTitles":["E2E Security Fixture Verification (Phase 5.4.2)","Owner Protection Enforcement"],"duration":23,"failureDetails":[],"failureMessages":[],"fullName":"E2E Security Fixture Verification (Phase 5.4.2) Owner Protection Enforcement should prevent setting owner status to suspended","invocations":1,"location":null,"numPassingAsserts":2,"retryReasons":[],"status":"passed","title":"should prevent setting owner status to suspended"},{"ancestorTitles":["E2E Security Fixture Verification (Phase 5.4.2)","Staff ↔ User Linkage Safeguards"],"duration":56,"failureDetails":[],"failureMessages":[],"fullName":"E2E Security Fixture Verification (Phase 5.4.2) Staff ↔ User Linkage Safeguards should prevent linking user that is already linked to another staff","invocations":1,"location":null,"numPassingAsserts":2,"retryReasons":[],"status":"passed","title":"should prevent linking user that is already linked to another staff"},{"ancestorTitles":["E2E Security Fixture Verification (Phase 5.4.2)","First-Login Activation Flow"],"duration":346,"failureDetails":[],"failureMessages":[],"fullName":"E2E Security Fixture Verification (Phase 5.4.2) First-Login Activation Flow should enforce complete activation workflow with OTP verification","invocations":1,"location":null,"numPassingAsserts":12,"retryReasons":[],"status":"passed","title":"should enforce complete activation workflow with OTP verification"},{"ancestorTitles":["E2E Security Fixture Verification (Phase 5.4.2)","Mongoose Transaction Standalone Fallback"],"duration":20,"failureDetails":[],"failureMessages":[],"fullName":"E2E Security Fixture Verification (Phase 5.4.2) Mongoose Transaction Standalone Fallback should gracefully update user status under standalone MongoDB fallback","invocations":1,"location":null,"numPassingAsserts":2,"retryReasons":[],"status":"passed","title":"should gracefully update user status under standalone MongoDB fallback"}],"endTime":1786447963568,"message":"","name":"C:\\Users\\deves\\Desktop\\Projects\\Saloon ERP\\src\\tests\\auth\\e2eSecurityFixture.test.js","startTime":1786447959068,"status":"passed","summary":""},{"assertionResults":[{"ancestorTitles":["User identity and username handling"],"duration":5,"failureDetails":[],"failureMessages":[],"fullName":"User identity and username handling logs in by username when email is unavailable","invocations":1,"location":null,"numPassingAsserts":3,"retryReasons":[],"status":"passed","title":"logs in by username when email is unavailable"},{"ancestorTitles":["User identity and username handling"],"duration":1,"failureDetails":[],"failureMessages":[],"fullName":"User identity and username handling normalizes usernames to lowercase and preserves uniqueness-safe formatting","invocations":1,"location":null,"numPassingAsserts":1,"retryReasons":[],"status":"passed","title":"normalizes usernames to lowercase and preserves uniqueness-safe formatting"},{"ancestorTitles":["User identity and username handling"],"duration":0,"failureDetails":[],"failureMessages":[],"fullName":"User identity and username handling keeps display names non-unique while usernames remain unique","invocations":1,"location":null,"numPassingAsserts":2,"retryReasons":[],"status":"passed","title":"keeps display names non-unique while usernames remain unique"}],"endTime":1786447964307,"message":"","name":"C:\\Users\\deves\\Desktop\\Projects\\Saloon ERP\\src\\tests\\auth\\userIdentity.test.js","startTime":1786447963626,"status":"passed","summary":""},{"assertionResults":[{"ancestorTitles":["User Lifecycle Management & Session Invalidation (Phase 4)","Tenant Isolation on status change"],"duration":6,"failureDetails":[],"failureMessages":[],"fullName":"User Lifecycle Management & Session Invalidation (Phase 4) Tenant Isolation on status change should prevent Org A from modifying Org B User status","invocations":1,"location":null,"numPassingAsserts":1,"retryReasons":[],"status":"passed","title":"should prevent Org A from modifying Org B User status"},{"ancestorTitles":["User Lifecycle Management & Session Invalidation (Phase 4)","Session Invalidation & Lifecycle transitions"],"duration":2,"failureDetails":[],"failureMessages":[],"fullName":"User Lifecycle Management & Session Invalidation (Phase 4) Session Invalidation & Lifecycle transitions should invalidate all sessions on transition to suspended","invocations":1,"location":null,"numPassingAsserts":3,"retryReasons":[],"status":"passed","title":"should invalidate all sessions on transition to suspended"},{"ancestorTitles":["User Lifecycle Management & Session Invalidation (Phase 4)","Session Invalidation & Lifecycle transitions"],"duration":1,"failureDetails":[],"failureMessages":[],"fullName":"User Lifecycle Management & Session Invalidation (Phase 4) Session Invalidation & Lifecycle transitions should invalidate all sessions on transition to inactive","invocations":1,"location":null,"numPassingAsserts":2,"retryReasons":[],"status":"passed","title":"should invalidate all sessions on transition to inactive"},{"ancestorTitles":["User Lifecycle Management & Session Invalidation (Phase 4)","Administrative Unlock"],"duration":0,"failureDetails":[],"failureMessages":[],"fullName":"User Lifecycle Management & Session Invalidation (Phase 4) Administrative Unlock locked -> active resets login attempts and lock times","invocations":1,"location":null,"numPassingAsserts":4,"retryReasons":[],"status":"passed","title":"locked -> active resets login attempts and lock times"},{"ancestorTitles":["User Lifecycle Management & Session Invalidation (Phase 4)","Owner Protection"],"duration":0,"failureDetails":[],"failureMessages":[],"fullName":"User Lifecycle Management & Session Invalidation (Phase 4) Owner Protection should reject transitioning owner status to inactive","invocations":1,"location":null,"numPassingAsserts":1,"retryReasons":[],"status":"passed","title":"should reject transitioning owner status to inactive"},{"ancestorTitles":["User Lifecycle Management & Session Invalidation (Phase 4)","Owner Protection"],"duration":1,"failureDetails":[],"failureMessages":[],"fullName":"User Lifecycle Management & Session Invalidation (Phase 4) Owner Protection should reject transitioning owner status to suspended","invocations":1,"location":null,"numPassingAsserts":1,"retryReasons":[],"status":"passed","title":"should reject transitioning owner status to suspended"},{"ancestorTitles":["User Lifecycle Management & Session Invalidation (Phase 4)","Transaction Fallback & Rollback"],"duration":1,"failureDetails":[],"failureMessages":[],"fullName":"User Lifecycle Management & Session Invalidation (Phase 4) Transaction Fallback & Rollback should fallback gracefully if client topology type is Single (standalone)","invocations":1,"location":null,"numPassingAsserts":2,"retryReasons":[],"status":"passed","title":"should fallback gracefully if client topology type is Single (standalone)"},{"ancestorTitles":["User Lifecycle Management & Session Invalidation (Phase 4)","Transaction Fallback & Rollback"],"duration":8,"failureDetails":[],"failureMessages":[],"fullName":"User Lifecycle Management & Session Invalidation (Phase 4) Transaction Fallback & Rollback should abort transaction and propagate error if database operation fails inside transaction","invocations":1,"location":null,"numPassingAsserts":3,"retryReasons":[],"status":"passed","title":"should abort transaction and propagate error if database operation fails inside transaction"}],"endTime":1786447965001,"message":"","name":"C:\\Users\\deves\\Desktop\\Projects\\Saloon ERP\\src\\tests\\auth\\userLifecycle.test.js","startTime":1786447964320,"status":"passed","summary":""},{"assertionResults":[{"ancestorTitles":["Leaves Phase 1 — Date Utility","valid YYYY-MM-DD conversion"],"duration":5,"failureDetails":[],"failureMessages":[],"fullName":"Leaves Phase 1 — Date Utility valid YYYY-MM-DD conversion toUTCDate returns UTC-midnight Date","invocations":1,"location":null,"numPassingAsserts":4,"retryReasons":[],"status":"passed","title":"toUTCDate returns UTC-midnight Date"},{"ancestorTitles":["Leaves Phase 1 — Date Utility","valid YYYY-MM-DD conversion"],"duration":0,"failureDetails":[],"failureMessages":[],"fullName":"Leaves Phase 1 — Date Utility valid YYYY-MM-DD conversion toUTCDate is timezone-stable (not new Date(input))","invocations":1,"location":null,"numPassingAsserts":1,"retryReasons":[],"status":"passed","title":"toUTCDate is timezone-stable (not new Date(input))"},{"ancestorTitles":["Leaves Phase 1 — Date Utility","valid YYYY-MM-DD conversion"],"duration":1,"failureDetails":[],"failureMessages":[],"fullName":"Leaves Phase 1 — Date Utility valid YYYY-MM-DD conversion toDateOnlyStr round-trips a Date back to YYYY-MM-DD","invocations":1,"location":null,"numPassingAsserts":3,"retryReasons":[],"status":"passed","title":"toDateOnlyStr round-trips a Date back to YYYY-MM-DD"},{"ancestorTitles":["Leaves Phase 1 — Date Utility","invalid calendar dates rejected"],"duration":1,"failureDetails":[],"failureMessages":[],"fullName":"Leaves Phase 1 — Date Utility invalid calendar dates rejected rejects non-YYYY-MM-DD formats","invocations":1,"location":null,"numPassingAsserts":7,"retryReasons":[],"status":"passed","title":"rejects non-YYYY-MM-DD formats"},{"ancestorTitles":["Leaves Phase 1 — Date Utility","invalid calendar dates rejected"],"duration":0,"failureDetails":[],"failureMessages":[],"fullName":"Leaves Phase 1 — Date Utility invalid calendar dates rejected rejects impossible calendar dates","invocations":1,"location":null,"numPassingAsserts":4,"retryReasons":[],"status":"passed","title":"rejects impossible calendar dates"},{"ancestorTitles":["Leaves Phase 1 — Date Utility","invalid calendar dates rejected"],"duration":24,"failureDetails":[],"failureMessages":[],"fullName":"Leaves Phase 1 — Date Utility invalid calendar dates rejected toUTCDate throws on invalid calendar dates","invocations":1,"location":null,"numPassingAsserts":3,"retryReasons":[],"status":"passed","title":"toUTCDate throws on invalid calendar dates"},{"ancestorTitles":["Leaves Phase 1 — Date Utility","enumerateDates inclusive"],"duration":1,"failureDetails":[],"failureMessages":[],"fullName":"Leaves Phase 1 — Date Utility enumerateDates inclusive single day returns one date","invocations":1,"location":null,"numPassingAsserts":1,"retryReasons":[],"status":"passed","title":"single day returns one date"},{"ancestorTitles":["Leaves Phase 1 — Date Utility","enumerateDates inclusive"],"duration":7,"failureDetails":[],"failureMessages":[],"fullName":"Leaves Phase 1 — Date Utility enumerateDates inclusive multi-day range is inclusive","invocations":1,"location":null,"numPassingAsserts":1,"retryReasons":[],"status":"passed","title":"multi-day range is inclusive"},{"ancestorTitles":["Leaves Phase 1 — Date Utility","enumerateDates inclusive"],"duration":0,"failureDetails":[],"failureMessages":[],"fullName":"Leaves Phase 1 — Date Utility enumerateDates inclusive crosses month boundary correctly","invocations":1,"location":null,"numPassingAsserts":1,"retryReasons":[],"status":"passed","title":"crosses month boundary correctly"},{"ancestorTitles":["Leaves Phase 1 — Date Utility","enumerateDates inclusive"],"duration":1,"failureDetails":[],"failureMessages":[],"fullName":"Leaves Phase 1 — Date Utility enumerateDates inclusive handles leap year","invocations":1,"location":null,"numPassingAsserts":1,"retryReasons":[],"status":"passed","title":"handles leap year"},{"ancestorTitles":["Leaves Phase 1 — Date Utility","enumerateDates inclusive"],"duration":0,"failureDetails":[],"failureMessages":[],"fullName":"Leaves Phase 1 — Date Utility enumerateDates inclusive throws if endDate < startDate","invocations":1,"location":null,"numPassingAsserts":1,"retryReasons":[],"status":"passed","title":"throws if endDate < startDate"},{"ancestorTitles":["Leaves Phase 1 — Date Utility","MAX_LEAVE_DAYS = 365"],"duration":1,"failureDetails":[],"failureMessages":[],"fullName":"Leaves Phase 1 — Date Utility MAX_LEAVE_DAYS = 365 365 days accepted","invocations":1,"location":null,"numPassingAsserts":3,"retryReasons":[],"status":"passed","title":"365 days accepted"},{"ancestorTitles":["Leaves Phase 1 — Date Utility","MAX_LEAVE_DAYS = 365"],"duration":2,"failureDetails":[],"failureMessages":[],"fullName":"Leaves Phase 1 — Date Utility MAX_LEAVE_DAYS = 365 366 days rejected (leap year)","invocations":1,"location":null,"numPassingAsserts":1,"retryReasons":[],"status":"passed","title":"366 days rejected (leap year)"},{"ancestorTitles":["Leaves Phase 1 — Date Utility","MAX_LEAVE_DAYS = 365"],"duration":0,"failureDetails":[],"failureMessages":[],"fullName":"Leaves Phase 1 — Date Utility MAX_LEAVE_DAYS = 365 MAX_LEAVE_DAYS constant exported","invocations":1,"location":null,"numPassingAsserts":1,"retryReasons":[],"status":"passed","title":"MAX_LEAVE_DAYS constant exported"},{"ancestorTitles":["Leaves Phase 1 — Leave Model Schema"],"duration":1,"failureDetails":[],"failureMessages":[],"fullName":"Leaves Phase 1 — Leave Model Schema model field definitions exist","invocations":1,"location":null,"numPassingAsserts":18,"retryReasons":[],"status":"passed","title":"model field definitions exist"},{"ancestorTitles":["Leaves Phase 1 — Leave Model Schema"],"duration":0,"failureDetails":[],"failureMessages":[],"fullName":"Leaves Phase 1 — Leave Model Schema status enum matches approved lifecycle","invocations":1,"location":null,"numPassingAsserts":2,"retryReasons":[],"status":"passed","title":"status enum matches approved lifecycle"},{"ancestorTitles":["Leaves Phase 1 — Leave Model Schema"],"duration":0,"failureDetails":[],"failureMessages":[],"fullName":"Leaves Phase 1 — Leave Model Schema submittedFor enum","invocations":1,"location":null,"numPassingAsserts":1,"retryReasons":[],"status":"passed","title":"submittedFor enum"},{"ancestorTitles":["Leaves Phase 1 — Leave Model Schema"],"duration":7,"failureDetails":[],"failureMessages":[],"fullName":"Leaves Phase 1 — Leave Model Schema dates is a String array with default []","invocations":1,"location":null,"numPassingAsserts":7,"retryReasons":[],"status":"passed","title":"dates is a String array with default []"},{"ancestorTitles":["Leaves Phase 1 — Leave Model Schema"],"duration":0,"failureDetails":[],"failureMessages":[],"fullName":"Leaves Phase 1 — Leave Model Schema audit plugin conventions applied (isDeleted, createdBy, softDelete)","invocations":1,"location":null,"numPassingAsserts":8,"retryReasons":[],"status":"passed","title":"audit plugin conventions applied (isDeleted, createdBy, softDelete)"},{"ancestorTitles":["Leaves Phase 1 — Unique Multikey dates Index"],"duration":1,"failureDetails":[],"failureMessages":[],"fullName":"Leaves Phase 1 — Unique Multikey dates Index canonical index definition exists","invocations":1,"location":null,"numPassingAsserts":3,"retryReasons":[],"status":"passed","title":"canonical index definition exists"},{"ancestorTitles":["Leaves Phase 1 — Unique Multikey dates Index"],"duration":0,"failureDetails":[],"failureMessages":[],"fullName":"Leaves Phase 1 — Unique Multikey dates Index no obsolete startDate uniqueness index exists","invocations":1,"location":null,"numPassingAsserts":1,"retryReasons":[],"status":"passed","title":"no obsolete startDate uniqueness index exists"},{"ancestorTitles":["Leaves Phase 1 — Unique Multikey dates Index"],"duration":2,"failureDetails":[],"failureMessages":[],"fullName":"Leaves Phase 1 — Unique Multikey dates Index pending records block duplicate covered dates (first date)","invocations":1,"location":null,"numPassingAsserts":1,"retryReasons":[],"status":"passed","title":"pending records block duplicate covered dates (first date)"},{"ancestorTitles":["Leaves Phase 1 — Unique Multikey dates Index"],"duration":0,"failureDetails":[],"failureMessages":[],"fullName":"Leaves Phase 1 — Unique Multikey dates Index pending records block duplicate covered dates (middle date)","invocations":1,"location":null,"numPassingAsserts":1,"retryReasons":[],"status":"passed","title":"pending records block duplicate covered dates (middle date)"},{"ancestorTitles":["Leaves Phase 1 — Unique Multikey dates Index"],"duration":0,"failureDetails":[],"failureMessages":[],"fullName":"Leaves Phase 1 — Unique Multikey dates Index pending records block duplicate covered dates (last date)","invocations":1,"location":null,"numPassingAsserts":1,"retryReasons":[],"status":"passed","title":"pending records block duplicate covered dates (last date)"},{"ancestorTitles":["Leaves Phase 1 — Unique Multikey dates Index"],"duration":1,"failureDetails":[],"failureMessages":[],"fullName":"Leaves Phase 1 — Unique Multikey dates Index approved records block duplicate covered dates","invocations":1,"location":null,"numPassingAsserts":1,"retryReasons":[],"status":"passed","title":"approved records block duplicate covered dates"},{"ancestorTitles":["Leaves Phase 1 — Unique Multikey dates Index"],"duration":1,"failureDetails":[],"failureMessages":[],"fullName":"Leaves Phase 1 — Unique Multikey dates Index adjacent non-overlapping dates are allowed","invocations":1,"location":null,"numPassingAsserts":1,"retryReasons":[],"status":"passed","title":"adjacent non-overlapping dates are allowed"},{"ancestorTitles":["Leaves Phase 1 — Unique Multikey dates Index"],"duration":0,"failureDetails":[],"failureMessages":[],"fullName":"Leaves Phase 1 — Unique Multikey dates Index different staff same dates are allowed","invocations":1,"location":null,"numPassingAsserts":1,"retryReasons":[],"status":"passed","title":"different staff same dates are allowed"},{"ancestorTitles":["Leaves Phase 1 — Unique Multikey dates Index"],"duration":1,"failureDetails":[],"failureMessages":[],"fullName":"Leaves Phase 1 — Unique Multikey dates Index rejected records do not block dates","invocations":1,"location":null,"numPassingAsserts":1,"retryReasons":[],"status":"passed","title":"rejected records do not block dates"},{"ancestorTitles":["Leaves Phase 1 — Unique Multikey dates Index"],"duration":0,"failureDetails":[],"failureMessages":[],"fullName":"Leaves Phase 1 — Unique Multikey dates Index cancelled records do not block dates","invocations":1,"location":null,"numPassingAsserts":1,"retryReasons":[],"status":"passed","title":"cancelled records do not block dates"},{"ancestorTitles":["Leaves Phase 1 — Audit Actions"],"duration":1,"failureDetails":[],"failureMessages":[],"fullName":"Leaves Phase 1 — Audit Actions LEAVE_* audit actions are defined","invocations":1,"location":null,"numPassingAsserts":5,"retryReasons":[],"status":"passed","title":"LEAVE_* audit actions are defined"},{"ancestorTitles":["Leaves Phase 1 — Audit Actions"],"duration":0,"failureDetails":[],"failureMessages":[],"fullName":"Leaves Phase 1 — Audit Actions audit action enum includes the 5 LEAVE actions","invocations":1,"location":null,"numPassingAsserts":5,"retryReasons":[],"status":"passed","title":"audit action enum includes the 5 LEAVE actions"},{"ancestorTitles":["Leaves Phase 1 — dates field not API input/output"],"duration":0,"failureDetails":[],"failureMessages":[],"fullName":"Leaves Phase 1 — dates field not API input/output dates is an internal schema path (verified in model; Zod handles Phase 2+)","invocations":1,"location":null,"numPassingAsserts":1,"retryReasons":[],"status":"passed","title":"dates is an internal schema path (verified in model; Zod handles Phase 2+)"},{"ancestorTitles":["Leaves Phase 1 — dates field not API input/output"],"duration":0,"failureDetails":[],"failureMessages":[],"fullName":"Leaves Phase 1 — dates field not API input/output toUTCDate does not accept datetime strings (API must send YYYY-MM-DD)","invocations":1,"location":null,"numPassingAsserts":2,"retryReasons":[],"status":"passed","title":"toUTCDate does not accept datetime strings (API must send YYYY-MM-DD)"}],"endTime":1786447965666,"message":"","name":"C:\\Users\\deves\\Desktop\\Projects\\Saloon ERP\\src\\tests\\leaves\\leave.phase1.test.js","startTime":1786447965007,"status":"passed","summary":""},{"assertionResults":[{"ancestorTitles":["First-Login Activation & Scoped JWTs (Phase 7)","Temporary Login"],"duration":5,"failureDetails":[],"failureMessages":[],"fullName":"First-Login Activation & Scoped JWTs (Phase 7) Temporary Login First-login user receives requireActivation: true and activationToken, but no session","invocations":1,"location":null,"numPassingAsserts":7,"retryReasons":[],"status":"passed","title":"First-login user receives requireActivation: true and activationToken, but no session"},{"ancestorTitles":["First-Login Activation & Scoped JWTs (Phase 7)","Activation OTP & Verification"],"duration":4,"failureDetails":[],"failureMessages":[],"fullName":"First-Login Activation & Scoped JWTs (Phase 7) Activation OTP & Verification should send activation OTP only for valid activation token","invocations":1,"location":null,"numPassingAsserts":2,"retryReasons":[],"status":"passed","title":"should send activation OTP only for valid activation token"},{"ancestorTitles":["First-Login Activation & Scoped JWTs (Phase 7)","Activation OTP & Verification"],"duration":21,"failureDetails":[],"failureMessages":[],"fullName":"First-Login Activation & Scoped JWTs (Phase 7) Activation OTP & Verification should reject activation OTP request if token has invalid scope","invocations":1,"location":null,"numPassingAsserts":1,"retryReasons":[],"status":"passed","title":"should reject activation OTP request if token has invalid scope"},{"ancestorTitles":["First-Login Activation & Scoped JWTs (Phase 7)","Activation OTP & Verification"],"duration":2,"failureDetails":[],"failureMessages":[],"fullName":"First-Login Activation & Scoped JWTs (Phase 7) Activation OTP & Verification should verify OTP and return password-change token","invocations":1,"location":null,"numPassingAsserts":4,"retryReasons":[],"status":"passed","title":"should verify OTP and return password-change token"},{"ancestorTitles":["First-Login Activation & Scoped JWTs (Phase 7)","Activation OTP & Verification"],"duration":4,"failureDetails":[],"failureMessages":[],"fullName":"First-Login Activation & Scoped JWTs (Phase 7) Activation OTP & Verification should reject invalid OTP","invocations":1,"location":null,"numPassingAsserts":1,"retryReasons":[],"status":"passed","title":"should reject invalid OTP"},{"ancestorTitles":["First-Login Activation & Scoped JWTs (Phase 7)","Password Change & Activation Completion"],"duration":2,"failureDetails":[],"failureMessages":[],"fullName":"First-Login Activation & Scoped JWTs (Phase 7) Password Change & Activation Completion should change password with password-change scope token and complete activation","invocations":1,"location":null,"numPassingAsserts":6,"retryReasons":[],"status":"passed","title":"should change password with password-change scope token and complete activation"},{"ancestorTitles":["First-Login Activation & Scoped JWTs (Phase 7)","Password Change & Activation Completion"],"duration":1,"failureDetails":[],"failureMessages":[],"fullName":"First-Login Activation & Scoped JWTs (Phase 7) Password Change & Activation Completion should reject password change if token has activation scope","invocations":1,"location":null,"numPassingAsserts":1,"retryReasons":[],"status":"passed","title":"should reject password change if token has activation scope"}],"endTime":1786447966476,"message":"","name":"C:\\Users\\deves\\Desktop\\Projects\\Saloon ERP\\src\\tests\\auth\\userActivation.test.js","startTime":1786447965671,"status":"passed","summary":""},{"assertionResults":[{"ancestorTitles":["Leaves Phase 2 — LeaveRepository","tenant isolation"],"duration":9,"failureDetails":[],"failureMessages":[],"fullName":"Leaves Phase 2 — LeaveRepository tenant isolation create injects organizationId from server context, never from data","invocations":1,"location":null,"numPassingAsserts":5,"retryReasons":[],"status":"passed","title":"create injects organizationId from server context, never from data"},{"ancestorTitles":["Leaves Phase 2 — LeaveRepository","tenant isolation"],"duration":1,"failureDetails":[],"failureMessages":[],"fullName":"Leaves Phase 2 — LeaveRepository tenant isolation findById scopes query to organizationId","invocations":1,"location":null,"numPassingAsserts":1,"retryReasons":[],"status":"passed","title":"findById scopes query to organizationId"},{"ancestorTitles":["Leaves Phase 2 — LeaveRepository","tenant isolation"],"duration":0,"failureDetails":[],"failureMessages":[],"fullName":"Leaves Phase 2 — LeaveRepository tenant isolation findByIdIncludeDeleted scopes query to organizationId and includes deleted","invocations":1,"location":null,"numPassingAsserts":2,"retryReasons":[],"status":"passed","title":"findByIdIncludeDeleted scopes query to organizationId and includes deleted"},{"ancestorTitles":["Leaves Phase 2 — LeaveRepository","tenant isolation"],"duration":0,"failureDetails":[],"failureMessages":[],"fullName":"Leaves Phase 2 — LeaveRepository tenant isolation findOne injects organizationId into filter","invocations":1,"location":null,"numPassingAsserts":1,"retryReasons":[],"status":"passed","title":"findOne injects organizationId into filter"},{"ancestorTitles":["Leaves Phase 2 — LeaveRepository","tenant isolation"],"duration":1,"failureDetails":[],"failureMessages":[],"fullName":"Leaves Phase 2 — LeaveRepository tenant isolation updateById scopes query to organizationId","invocations":1,"location":null,"numPassingAsserts":3,"retryReasons":[],"status":"passed","title":"updateById scopes query to organizationId"},{"ancestorTitles":["Leaves Phase 2 — LeaveRepository","tenant isolation"],"duration":0,"failureDetails":[],"failureMessages":[],"fullName":"Leaves Phase 2 — LeaveRepository tenant isolation deleteById scopes query to organizationId and soft-deletes","invocations":1,"location":null,"numPassingAsserts":2,"retryReasons":[],"status":"passed","title":"deleteById scopes query to organizationId and soft-deletes"},{"ancestorTitles":["Leaves Phase 2 — LeaveRepository","tenant isolation"],"duration":0,"failureDetails":[],"failureMessages":[],"fullName":"Leaves Phase 2 — LeaveRepository tenant isolation find injects organizationId and strips non-schema keys","invocations":1,"location":null,"numPassingAsserts":7,"retryReasons":[],"status":"passed","title":"find injects organizationId and strips non-schema keys"},{"ancestorTitles":["Leaves Phase 2 — LeaveRepository","tenant isolation"],"duration":1,"failureDetails":[],"failureMessages":[],"fullName":"Leaves Phase 2 — LeaveRepository tenant isolation count injects organizationId","invocations":1,"location":null,"numPassingAsserts":1,"retryReasons":[],"status":"passed","title":"count injects organizationId"},{"ancestorTitles":["Leaves Phase 2 — LeaveRepository","findOverlapping"],"duration":1,"failureDetails":[],"failureMessages":[],"fullName":"Leaves Phase 2 — LeaveRepository findOverlapping builds blocking-status date-range intersection filter","invocations":1,"location":null,"numPassingAsserts":2,"retryReasons":[],"status":"passed","title":"builds blocking-status date-range intersection filter"},{"ancestorTitles":["Leaves Phase 2 — LeaveRepository","findOverlapping"],"duration":0,"failureDetails":[],"failureMessages":[],"fullName":"Leaves Phase 2 — LeaveRepository findOverlapping excludes self on update via excludeId","invocations":1,"location":null,"numPassingAsserts":1,"retryReasons":[],"status":"passed","title":"excludes self on update via excludeId"},{"ancestorTitles":["Leaves Phase 2 — LeaveRepository","findOverlapping"],"duration":1,"failureDetails":[],"failureMessages":[],"fullName":"Leaves Phase 2 — LeaveRepository findOverlapping passes session through to findOne","invocations":1,"location":null,"numPassingAsserts":1,"retryReasons":[],"status":"passed","title":"passes session through to findOne"}],"endTime":1786447967120,"message":"","name":"C:\\Users\\deves\\Desktop\\Projects\\Saloon ERP\\src\\tests\\leaves\\leave.repository.test.js","startTime":1786447966484,"status":"passed","summary":""},{"assertionResults":[{"ancestorTitles":["Staff Backend Module Unit & Lifecycle Tests","A. Staff Validation & Creation"],"duration":22,"failureDetails":[],"failureMessages":[],"fullName":"Staff Backend Module Unit & Lifecycle Tests A. Staff Validation & Creation should enforce active branch visibility on getStaffById","invocations":1,"location":null,"numPassingAsserts":1,"retryReasons":[],"status":"passed","title":"should enforce active branch visibility on getStaffById"},{"ancestorTitles":["Staff Backend Module Unit & Lifecycle Tests","A. Staff Validation & Creation"],"duration":1,"failureDetails":[],"failureMessages":[],"fullName":"Staff Backend Module Unit & Lifecycle Tests A. Staff Validation & Creation should allow getStaffById when active branch assignment exists","invocations":1,"location":null,"numPassingAsserts":1,"retryReasons":[],"status":"passed","title":"should allow getStaffById when active branch assignment exists"},{"ancestorTitles":["Staff Backend Module Unit & Lifecycle Tests","A. Staff Validation & Creation"],"duration":2,"failureDetails":[],"failureMessages":[],"fullName":"Staff Backend Module Unit & Lifecycle Tests A. Staff Validation & Creation should successfully generate a sequential STF-XXXX code and create Staff","invocations":1,"location":null,"numPassingAsserts":2,"retryReasons":[],"status":"passed","title":"should successfully generate a sequential STF-XXXX code and create Staff"},{"ancestorTitles":["Staff Backend Module Unit & Lifecycle Tests","A. Staff Validation & Creation"],"duration":1,"failureDetails":[],"failureMessages":[],"fullName":"Staff Backend Module Unit & Lifecycle Tests A. Staff Validation & Creation should throw 400 error on duplicate phone","invocations":1,"location":null,"numPassingAsserts":1,"retryReasons":[],"status":"passed","title":"should throw 400 error on duplicate phone"},{"ancestorTitles":["Staff Backend Module Unit & Lifecycle Tests","B. Staff ↔ User Status Invariants"],"duration":1,"failureDetails":[],"failureMessages":[],"fullName":"Staff Backend Module Unit & Lifecycle Tests B. Staff ↔ User Status Invariants Test 1: active Staff + active User → login allowed","invocations":1,"location":null,"numPassingAsserts":2,"retryReasons":[],"status":"passed","title":"Test 1: active Staff + active User → login allowed"},{"ancestorTitles":["Staff Backend Module Unit & Lifecycle Tests","B. Staff ↔ User Status Invariants"],"duration":0,"failureDetails":[],"failureMessages":[],"fullName":"Staff Backend Module Unit & Lifecycle Tests B. Staff ↔ User Status Invariants Test 2/3: active Staff + inactive/suspended User → login denied","invocations":1,"location":null,"numPassingAsserts":2,"retryReasons":[],"status":"passed","title":"Test 2/3: active Staff + inactive/suspended User → login denied"},{"ancestorTitles":["Staff Backend Module Unit & Lifecycle Tests","B. Staff ↔ User Status Invariants"],"duration":1,"failureDetails":[],"failureMessages":[],"fullName":"Staff Backend Module Unit & Lifecycle Tests B. Staff ↔ User Status Invariants Test 11/12/13/14: Block transition to inactive Staff + active User","invocations":1,"location":null,"numPassingAsserts":1,"retryReasons":[],"status":"passed","title":"Test 11/12/13/14: Block transition to inactive Staff + active User"},{"ancestorTitles":["Staff Backend Module Unit & Lifecycle Tests","C. Soft Delete & Restoration"],"duration":1,"failureDetails":[],"failureMessages":[],"fullName":"Staff Backend Module Unit & Lifecycle Tests C. Soft Delete & Restoration should set isDeleted:true, status:inactive, and cascade User status to inactive on soft delete","invocations":1,"location":null,"numPassingAsserts":3,"retryReasons":[],"status":"passed","title":"should set isDeleted:true, status:inactive, and cascade User status to inactive on soft delete"},{"ancestorTitles":["Staff Backend Module Unit & Lifecycle Tests","C. Soft Delete & Restoration"],"duration":1,"failureDetails":[],"failureMessages":[],"fullName":"Staff Backend Module Unit & Lifecycle Tests C. Soft Delete & Restoration should restore Staff to active but keep linked User status unchanged","invocations":1,"location":null,"numPassingAsserts":1,"retryReasons":[],"status":"passed","title":"should restore Staff to active but keep linked User status unchanged"},{"ancestorTitles":["Staff Backend Module Unit & Lifecycle Tests","D. Primary Branch Integrity Invariant & Retrieval"],"duration":1,"failureDetails":[],"failureMessages":[],"fullName":"Staff Backend Module Unit & Lifecycle Tests D. Primary Branch Integrity Invariant & Retrieval should assign first branch automatically as primary","invocations":1,"location":null,"numPassingAsserts":1,"retryReasons":[],"status":"passed","title":"should assign first branch automatically as primary"},{"ancestorTitles":["Staff Backend Module Unit & Lifecycle Tests","D. Primary Branch Integrity Invariant & Retrieval"],"duration":1,"failureDetails":[],"failureMessages":[],"fullName":"Staff Backend Module Unit & Lifecycle Tests D. Primary Branch Integrity Invariant & Retrieval should assign second branch as non-primary without demoting existing primary","invocations":1,"location":null,"numPassingAsserts":2,"retryReasons":[],"status":"passed","title":"should assign second branch as non-primary without demoting existing primary"},{"ancestorTitles":["Staff Backend Module Unit & Lifecycle Tests","D. Primary Branch Integrity Invariant & Retrieval"],"duration":0,"failureDetails":[],"failureMessages":[],"fullName":"Staff Backend Module Unit & Lifecycle Tests D. Primary Branch Integrity Invariant & Retrieval should demote existing primary when assigning a second branch as primary","invocations":1,"location":null,"numPassingAsserts":2,"retryReasons":[],"status":"passed","title":"should demote existing primary when assigning a second branch as primary"},{"ancestorTitles":["Staff Backend Module Unit & Lifecycle Tests","D. Primary Branch Integrity Invariant & Retrieval"],"duration":0,"failureDetails":[],"failureMessages":[],"fullName":"Staff Backend Module Unit & Lifecycle Tests D. Primary Branch Integrity Invariant & Retrieval should promote oldest remaining branch to primary when primary is removed","invocations":1,"location":null,"numPassingAsserts":4,"retryReasons":[],"status":"passed","title":"should promote oldest remaining branch to primary when primary is removed"},{"ancestorTitles":["Staff Backend Module Unit & Lifecycle Tests","D. Primary Branch Integrity Invariant & Retrieval"],"duration":1,"failureDetails":[],"failureMessages":[],"fullName":"Staff Backend Module Unit & Lifecycle Tests D. Primary Branch Integrity Invariant & Retrieval should not promote anything if no branches remain after removing final branch","invocations":1,"location":null,"numPassingAsserts":2,"retryReasons":[],"status":"passed","title":"should not promote anything if no branches remain after removing final branch"},{"ancestorTitles":["Staff Backend Module Unit & Lifecycle Tests","D. Primary Branch Integrity Invariant & Retrieval"],"duration":0,"failureDetails":[],"failureMessages":[],"fullName":"Staff Backend Module Unit & Lifecycle Tests D. Primary Branch Integrity Invariant & Retrieval should prevent duplicate branch assignments","invocations":1,"location":null,"numPassingAsserts":1,"retryReasons":[],"status":"passed","title":"should prevent duplicate branch assignments"},{"ancestorTitles":["Staff Backend Module Unit & Lifecycle Tests","D. Primary Branch Integrity Invariant & Retrieval"],"duration":0,"failureDetails":[],"failureMessages":[],"fullName":"Staff Backend Module Unit & Lifecycle Tests D. Primary Branch Integrity Invariant & Retrieval should retrieve active branch assignments","invocations":1,"location":null,"numPassingAsserts":1,"retryReasons":[],"status":"passed","title":"should retrieve active branch assignments"},{"ancestorTitles":["Staff Backend Module Unit & Lifecycle Tests","E. Service Capability Junction & Retrieval"],"duration":1,"failureDetails":[],"failureMessages":[],"fullName":"Staff Backend Module Unit & Lifecycle Tests E. Service Capability Junction & Retrieval should successfully assign service","invocations":1,"location":null,"numPassingAsserts":1,"retryReasons":[],"status":"passed","title":"should successfully assign service"},{"ancestorTitles":["Staff Backend Module Unit & Lifecycle Tests","E. Service Capability Junction & Retrieval"],"duration":0,"failureDetails":[],"failureMessages":[],"fullName":"Staff Backend Module Unit & Lifecycle Tests E. Service Capability Junction & Retrieval should prevent duplicate service capability mappings","invocations":1,"location":null,"numPassingAsserts":1,"retryReasons":[],"status":"passed","title":"should prevent duplicate service capability mappings"},{"ancestorTitles":["Staff Backend Module Unit & Lifecycle Tests","E. Service Capability Junction & Retrieval"],"duration":1,"failureDetails":[],"failureMessages":[],"fullName":"Staff Backend Module Unit & Lifecycle Tests E. Service Capability Junction & Retrieval should deactivate service mapping on removal","invocations":1,"location":null,"numPassingAsserts":2,"retryReasons":[],"status":"passed","title":"should deactivate service mapping on removal"},{"ancestorTitles":["Staff Backend Module Unit & Lifecycle Tests","E. Service Capability Junction & Retrieval"],"duration":0,"failureDetails":[],"failureMessages":[],"fullName":"Staff Backend Module Unit & Lifecycle Tests E. Service Capability Junction & Retrieval should retrieve active services","invocations":1,"location":null,"numPassingAsserts":1,"retryReasons":[],"status":"passed","title":"should retrieve active services"},{"ancestorTitles":["Staff Backend Module Unit & Lifecycle Tests","F. Keyword Search & Scoping"],"duration":2,"failureDetails":[],"failureMessages":[],"fullName":"Staff Backend Module Unit & Lifecycle Tests F. Keyword Search & Scoping should correctly clean filters and pass searchFields to super.find in StaffRepository","invocations":1,"location":null,"numPassingAsserts":5,"retryReasons":[],"status":"passed","title":"should correctly clean filters and pass searchFields to super.find in StaffRepository"},{"ancestorTitles":["Staff Backend Module Unit & Lifecycle Tests","G. Staff ↔ User Linking Validation Scoping"],"duration":2,"failureDetails":[],"failureMessages":[],"fullName":"Staff Backend Module Unit & Lifecycle Tests G. Staff ↔ User Linking Validation Scoping should allow linking when user exists, is active, matches organization and not linked","invocations":1,"location":null,"numPassingAsserts":2,"retryReasons":[],"status":"passed","title":"should allow linking when user exists, is active, matches organization and not linked"},{"ancestorTitles":["Staff Backend Module Unit & Lifecycle Tests","G. Staff ↔ User Linking Validation Scoping"],"duration":3,"failureDetails":[],"failureMessages":[],"fullName":"Staff Backend Module Unit & Lifecycle Tests G. Staff ↔ User Linking Validation Scoping should reject linking if user belongs to a different organization","invocations":1,"location":null,"numPassingAsserts":1,"retryReasons":[],"status":"passed","title":"should reject linking if user belongs to a different organization"},{"ancestorTitles":["Staff Backend Module Unit & Lifecycle Tests","G. Staff ↔ User Linking Validation Scoping"],"duration":0,"failureDetails":[],"failureMessages":[],"fullName":"Staff Backend Module Unit & Lifecycle Tests G. Staff ↔ User Linking Validation Scoping should reject linking if user is suspended","invocations":1,"location":null,"numPassingAsserts":1,"retryReasons":[],"status":"passed","title":"should reject linking if user is suspended"},{"ancestorTitles":["Staff Backend Module Unit & Lifecycle Tests","G. Staff ↔ User Linking Validation Scoping"],"duration":1,"failureDetails":[],"failureMessages":[],"fullName":"Staff Backend Module Unit & Lifecycle Tests G. Staff ↔ User Linking Validation Scoping should reject linking if user is locked","invocations":1,"location":null,"numPassingAsserts":1,"retryReasons":[],"status":"passed","title":"should reject linking if user is locked"},{"ancestorTitles":["Staff Backend Module Unit & Lifecycle Tests","G. Staff ↔ User Linking Validation Scoping"],"duration":0,"failureDetails":[],"failureMessages":[],"fullName":"Staff Backend Module Unit & Lifecycle Tests G. Staff ↔ User Linking Validation Scoping should reject linking if user is inactive","invocations":1,"location":null,"numPassingAsserts":1,"retryReasons":[],"status":"passed","title":"should reject linking if user is inactive"},{"ancestorTitles":["Staff Backend Module Unit & Lifecycle Tests","G. Staff ↔ User Linking Validation Scoping"],"duration":1,"failureDetails":[],"failureMessages":[],"fullName":"Staff Backend Module Unit & Lifecycle Tests G. Staff ↔ User Linking Validation Scoping should reject linking if user is already linked to another active staff","invocations":1,"location":null,"numPassingAsserts":1,"retryReasons":[],"status":"passed","title":"should reject linking if user is already linked to another active staff"}],"endTime":1786447967669,"message":"","name":"C:\\Users\\deves\\Desktop\\Projects\\Saloon ERP\\src\\tests\\staff\\staff.test.js","startTime":1786447967127,"status":"passed","summary":""},{"assertionResults":[{"ancestorTitles":["CustomerService Unit Tests","createCustomer"],"duration":16,"failureDetails":[],"failureMessages":[],"fullName":"CustomerService Unit Tests createCustomer should throw an error if homeBranchId is missing","invocations":1,"location":null,"numPassingAsserts":1,"retryReasons":[],"status":"passed","title":"should throw an error if homeBranchId is missing"},{"ancestorTitles":["CustomerService Unit Tests","createCustomer"],"duration":2,"failureDetails":[],"failureMessages":[],"fullName":"CustomerService Unit Tests createCustomer should create customer and write customer_created timeline event","invocations":1,"location":null,"numPassingAsserts":3,"retryReasons":[],"status":"passed","title":"should create customer and write customer_created timeline event"},{"ancestorTitles":["CustomerService Unit Tests","getCustomerById"],"duration":0,"failureDetails":[],"failureMessages":[],"fullName":"CustomerService Unit Tests getCustomerById should allow reading if user is org-wide","invocations":1,"location":null,"numPassingAsserts":1,"retryReasons":[],"status":"passed","title":"should allow reading if user is org-wide"},{"ancestorTitles":["CustomerService Unit Tests","getCustomerById"],"duration":0,"failureDetails":[],"failureMessages":[],"fullName":"CustomerService Unit Tests getCustomerById should deny reading if user is branch-limited and customer did not visit user branch","invocations":1,"location":null,"numPassingAsserts":1,"retryReasons":[],"status":"passed","title":"should deny reading if user is branch-limited and customer did not visit user branch"},{"ancestorTitles":["CustomerService Unit Tests","updateCustomer"],"duration":1,"failureDetails":[],"failureMessages":[],"fullName":"CustomerService Unit Tests updateCustomer should update properties but ignore immutable fields","invocations":1,"location":null,"numPassingAsserts":2,"retryReasons":[],"status":"passed","title":"should update properties but ignore immutable fields"},{"ancestorTitles":["CustomerService Unit Tests","updateCustomer"],"duration":1,"failureDetails":[],"failureMessages":[],"fullName":"CustomerService Unit Tests updateCustomer should block update if customer is deactivated and update does not reactivate them","invocations":1,"location":null,"numPassingAsserts":1,"retryReasons":[],"status":"passed","title":"should block update if customer is deactivated and update does not reactivate them"},{"ancestorTitles":["CustomerService Unit Tests","updateCustomer"],"duration":0,"failureDetails":[],"failureMessages":[],"fullName":"CustomerService Unit Tests updateCustomer should allow update if customer is deactivated but update reactivates them","invocations":1,"location":null,"numPassingAsserts":1,"retryReasons":[],"status":"passed","title":"should allow update if customer is deactivated but update reactivates them"},{"ancestorTitles":["CustomerNoteService Unit Tests","createNote"],"duration":1,"failureDetails":[],"failureMessages":[],"fullName":"CustomerNoteService Unit Tests createNote should create a note if customer is active","invocations":1,"location":null,"numPassingAsserts":3,"retryReasons":[],"status":"passed","title":"should create a note if customer is active"},{"ancestorTitles":["CustomerNoteService Unit Tests","createNote"],"duration":11,"failureDetails":[],"failureMessages":[],"fullName":"CustomerNoteService Unit Tests createNote should reject note if text exceeds 2000 characters","invocations":1,"location":null,"numPassingAsserts":1,"retryReasons":[],"status":"passed","title":"should reject note if text exceeds 2000 characters"},{"ancestorTitles":["CustomerNoteService Unit Tests","getNotes"],"duration":0,"failureDetails":[],"failureMessages":[],"fullName":"CustomerNoteService Unit Tests getNotes should retrieve notes with populate option","invocations":1,"location":null,"numPassingAsserts":2,"retryReasons":[],"status":"passed","title":"should retrieve notes with populate option"}],"endTime":1786447968206,"message":"","name":"C:\\Users\\deves\\Desktop\\Projects\\Saloon ERP\\src\\tests\\customers\\customer.service.test.js","startTime":1786447967673,"status":"passed","summary":""},{"assertionResults":[{"ancestorTitles":["User Management RBAC & Delegation Protection (Phase 5)","Role Delegation Checks"],"duration":8,"failureDetails":[],"failureMessages":[],"fullName":"User Management RBAC & Delegation Protection (Phase 5) Role Delegation Checks should allow admin to assign a Role whose permissions are a subset of their own","invocations":1,"location":null,"numPassingAsserts":1,"retryReasons":[],"status":"passed","title":"should allow admin to assign a Role whose permissions are a subset of their own"},{"ancestorTitles":["User Management RBAC & Delegation Protection (Phase 5)","Role Delegation Checks"],"duration":1,"failureDetails":[],"failureMessages":[],"fullName":"User Management RBAC & Delegation Protection (Phase 5) Role Delegation Checks should reject assignment if target Role contains any permission admin does not possess","invocations":1,"location":null,"numPassingAsserts":3,"retryReasons":[],"status":"passed","title":"should reject assignment if target Role contains any permission admin does not possess"},{"ancestorTitles":["User Management RBAC & Delegation Protection (Phase 5)","hasOrgWideAccess Modification Protection"],"duration":2,"failureDetails":[],"failureMessages":[],"fullName":"User Management RBAC & Delegation Protection (Phase 5) hasOrgWideAccess Modification Protection should allow modifying another User's hasOrgWideAccess","invocations":1,"location":null,"numPassingAsserts":1,"retryReasons":[],"status":"passed","title":"should allow modifying another User's hasOrgWideAccess"},{"ancestorTitles":["User Management RBAC & Delegation Protection (Phase 5)","hasOrgWideAccess Modification Protection"],"duration":1,"failureDetails":[],"failureMessages":[],"fullName":"User Management RBAC & Delegation Protection (Phase 5) hasOrgWideAccess Modification Protection should reject modifying admin's own hasOrgWideAccess","invocations":1,"location":null,"numPassingAsserts":3,"retryReasons":[],"status":"passed","title":"should reject modifying admin's own hasOrgWideAccess"}],"endTime":1786447968911,"message":"","name":"C:\\Users\\deves\\Desktop\\Projects\\Saloon ERP\\src\\tests\\auth\\userRbac.test.js","startTime":1786447968212,"status":"passed","summary":""},{"assertionResults":[{"ancestorTitles":["LeaveService Phase 4"],"duration":6,"failureDetails":[],"failureMessages":[],"fullName":"LeaveService Phase 4 creates a self leave request with server-derived branch/org and no dates in DTO","invocations":1,"location":null,"numPassingAsserts":4,"retryReasons":[],"status":"passed","title":"creates a self leave request with server-derived branch/org and no dates in DTO"},{"ancestorTitles":["LeaveService Phase 4"],"duration":1,"failureDetails":[],"failureMessages":[],"fullName":"LeaveService Phase 4 creates an on-behalf leave when actor has manage permission","invocations":1,"location":null,"numPassingAsserts":2,"retryReasons":[],"status":"passed","title":"creates an on-behalf leave when actor has manage permission"},{"ancestorTitles":["LeaveService Phase 4"],"duration":23,"failureDetails":[],"failureMessages":[],"fullName":"LeaveService Phase 4 rejects unauthorized on-behalf creation","invocations":1,"location":null,"numPassingAsserts":1,"retryReasons":[],"status":"passed","title":"rejects unauthorized on-behalf creation"},{"ancestorTitles":["LeaveService Phase 4"],"duration":1,"failureDetails":[],"failureMessages":[],"fullName":"LeaveService Phase 4 rejects staff org mismatch or missing staff","invocations":1,"location":null,"numPassingAsserts":1,"retryReasons":[],"status":"passed","title":"rejects staff org mismatch or missing staff"},{"ancestorTitles":["LeaveService Phase 4"],"duration":1,"failureDetails":[],"failureMessages":[],"fullName":"LeaveService Phase 4 rejects inactive staff","invocations":1,"location":null,"numPassingAsserts":1,"retryReasons":[],"status":"passed","title":"rejects inactive staff"},{"ancestorTitles":["LeaveService Phase 4"],"duration":0,"failureDetails":[],"failureMessages":[],"fullName":"LeaveService Phase 4 rejects staff not assigned to branch","invocations":1,"location":null,"numPassingAsserts":1,"retryReasons":[],"status":"passed","title":"rejects staff not assigned to branch"},{"ancestorTitles":["LeaveService Phase 4"],"duration":1,"failureDetails":[],"failureMessages":[],"fullName":"LeaveService Phase 4 rejects friendly overlap on first, middle, or last shared dates","invocations":1,"location":null,"numPassingAsserts":1,"retryReasons":[],"status":"passed","title":"rejects friendly overlap on first, middle, or last shared dates"},{"ancestorTitles":["LeaveService Phase 4"],"duration":1,"failureDetails":[],"failureMessages":[],"fullName":"LeaveService Phase 4 allows adjacent dates","invocations":1,"location":null,"numPassingAsserts":2,"retryReasons":[],"status":"passed","title":"allows adjacent dates"},{"ancestorTitles":["LeaveService Phase 4"],"duration":1,"failureDetails":[],"failureMessages":[],"fullName":"LeaveService Phase 4 retries leaveCode duplicates up to the sequence retry limit","invocations":1,"location":null,"numPassingAsserts":2,"retryReasons":[],"status":"passed","title":"retries leaveCode duplicates up to the sequence retry limit"},{"ancestorTitles":["LeaveService Phase 4"],"duration":1,"failureDetails":[],"failureMessages":[],"fullName":"LeaveService Phase 4 maps duplicate dates index errors to overlap without retry","invocations":1,"location":null,"numPassingAsserts":2,"retryReasons":[],"status":"passed","title":"maps duplicate dates index errors to overlap without retry"},{"ancestorTitles":["LeaveService Phase 4"],"duration":2,"failureDetails":[],"failureMessages":[],"fullName":"LeaveService Phase 4 enforces 365-day limit and rejects 366 days","invocations":1,"location":null,"numPassingAsserts":1,"retryReasons":[],"status":"passed","title":"enforces 365-day limit and rejects 366 days"},{"ancestorTitles":["LeaveService Phase 4"],"duration":0,"failureDetails":[],"failureMessages":[],"fullName":"LeaveService Phase 4 rejects create when startDate is before todayUTC","invocations":1,"location":null,"numPassingAsserts":1,"retryReasons":[],"status":"passed","title":"rejects create when startDate is before todayUTC"},{"ancestorTitles":["LeaveService Phase 4"],"duration":1,"failureDetails":[],"failureMessages":[],"fullName":"LeaveService Phase 4 approves a pending leave and writes audit","invocations":1,"location":null,"numPassingAsserts":3,"retryReasons":[],"status":"passed","title":"approves a pending leave and writes audit"},{"ancestorTitles":["LeaveService Phase 4"],"duration":1,"failureDetails":[],"failureMessages":[],"fullName":"LeaveService Phase 4 rejects self approval and invalid transitions","invocations":1,"location":null,"numPassingAsserts":2,"retryReasons":[],"status":"passed","title":"rejects self approval and invalid transitions"},{"ancestorTitles":["LeaveService Phase 4"],"duration":0,"failureDetails":[],"failureMessages":[],"fullName":"LeaveService Phase 4 rejects a pending leave with required review note","invocations":1,"location":null,"numPassingAsserts":2,"retryReasons":[],"status":"passed","title":"rejects a pending leave with required review note"},{"ancestorTitles":["LeaveService Phase 4"],"duration":1,"failureDetails":[],"failureMessages":[],"fullName":"LeaveService Phase 4 cancels pending leave for submitter and approved leave for manager only","invocations":1,"location":null,"numPassingAsserts":3,"retryReasons":[],"status":"passed","title":"cancels pending leave for submitter and approved leave for manager only"},{"ancestorTitles":["LeaveService Phase 4"],"duration":1,"failureDetails":[],"failureMessages":[],"fullName":"LeaveService Phase 4 updates pending leaves, recomputes full dates, excludes self from overlap query, and audits","invocations":1,"location":null,"numPassingAsserts":4,"retryReasons":[],"status":"passed","title":"updates pending leaves, recomputes full dates, excludes self from overlap query, and audits"},{"ancestorTitles":["LeaveService Phase 4"],"duration":1,"failureDetails":[],"failureMessages":[],"fullName":"LeaveService Phase 4 rejects update when startDate is before todayUTC","invocations":1,"location":null,"numPassingAsserts":1,"retryReasons":[],"status":"passed","title":"rejects update when startDate is before todayUTC"},{"ancestorTitles":["LeaveService Phase 4"],"duration":0,"failureDetails":[],"failureMessages":[],"fullName":"LeaveService Phase 4 maps optimistic concurrency errors to 409","invocations":1,"location":null,"numPassingAsserts":1,"retryReasons":[],"status":"passed","title":"maps optimistic concurrency errors to 409"},{"ancestorTitles":["LeaveService Phase 4"],"duration":0,"failureDetails":[],"failureMessages":[],"fullName":"LeaveService Phase 4 returns list/get DTOs without dates and enforces branch isolation","invocations":1,"location":null,"numPassingAsserts":3,"retryReasons":[],"status":"passed","title":"returns list/get DTOs without dates and enforces branch isolation"},{"ancestorTitles":["LeaveService Phase 4"],"duration":0,"failureDetails":[],"failureMessages":[],"fullName":"LeaveService Phase 4 propagates transaction sessions to create/update/audit paths","invocations":1,"location":null,"numPassingAsserts":3,"retryReasons":[],"status":"passed","title":"propagates transaction sessions to create/update/audit paths"}],"endTime":1786447969460,"message":"","name":"C:\\Users\\deves\\Desktop\\Projects\\Saloon ERP\\src\\tests\\leaves\\leave.service.test.js","startTime":1786447968923,"status":"passed","summary":""},{"assertionResults":[{"ancestorTitles":["Customer Core Integration & Scoping Tests","Organization Isolation"],"duration":12,"failureDetails":[],"failureMessages":[],"fullName":"Customer Core Integration & Scoping Tests Organization Isolation should throw 403 or 404 if a user from Org A tries to access a customer in Org B","invocations":1,"location":null,"numPassingAsserts":3,"retryReasons":[],"status":"passed","title":"should throw 403 or 404 if a user from Org A tries to access a customer in Org B"},{"ancestorTitles":["Customer Core Integration & Scoping Tests","Branch-Limited Visibility"],"duration":1,"failureDetails":[],"failureMessages":[],"fullName":"Customer Core Integration & Scoping Tests Branch-Limited Visibility should allow access if X-Branch-Id matches customer's homeBranchId","invocations":1,"location":null,"numPassingAsserts":3,"retryReasons":[],"status":"passed","title":"should allow access if X-Branch-Id matches customer's homeBranchId"},{"ancestorTitles":["Customer Core Integration & Scoping Tests","Branch-Limited Visibility"],"duration":1,"failureDetails":[],"failureMessages":[],"fullName":"Customer Core Integration & Scoping Tests Branch-Limited Visibility should allow access if activeBranchId is in visitedBranchIds","invocations":1,"location":null,"numPassingAsserts":2,"retryReasons":[],"status":"passed","title":"should allow access if activeBranchId is in visitedBranchIds"},{"ancestorTitles":["Customer Core Integration & Scoping Tests","Branch-Limited Visibility"],"duration":1,"failureDetails":[],"failureMessages":[],"fullName":"Customer Core Integration & Scoping Tests Branch-Limited Visibility should deny access (403) if activeBranchId is neither homeBranchId nor in visitedBranchIds","invocations":1,"location":null,"numPassingAsserts":3,"retryReasons":[],"status":"passed","title":"should deny access (403) if activeBranchId is neither homeBranchId nor in visitedBranchIds"},{"ancestorTitles":["Customer Core Integration & Scoping Tests","Org-Wide Scope"],"duration":0,"failureDetails":[],"failureMessages":[],"fullName":"Customer Core Integration & Scoping Tests Org-Wide Scope should permit org-wide access when hasOrgWideAccess is true and X-Branch-Id is omitted","invocations":1,"location":null,"numPassingAsserts":2,"retryReasons":[],"status":"passed","title":"should permit org-wide access when hasOrgWideAccess is true and X-Branch-Id is omitted"},{"ancestorTitles":["Customer Core Integration & Scoping Tests","Org-Wide Scope"],"duration":0,"failureDetails":[],"failureMessages":[],"fullName":"Customer Core Integration & Scoping Tests Org-Wide Scope should restrict to active branch when hasOrgWideAccess is true but X-Branch-Id is explicitly passed","invocations":1,"location":null,"numPassingAsserts":2,"retryReasons":[],"status":"passed","title":"should restrict to active branch when hasOrgWideAccess is true but X-Branch-Id is explicitly passed"},{"ancestorTitles":["Customer Core Integration & Scoping Tests","Org-Wide Scope"],"duration":1,"failureDetails":[],"failureMessages":[],"fullName":"Customer Core Integration & Scoping Tests Org-Wide Scope should reject X-Branch-Id belonging to another organization","invocations":1,"location":null,"numPassingAsserts":2,"retryReasons":[],"status":"passed","title":"should reject X-Branch-Id belonging to another organization"},{"ancestorTitles":["Customer Core Integration & Scoping Tests","all Sentinel Rejection"],"duration":0,"failureDetails":[],"failureMessages":[],"fullName":"Customer Core Integration & Scoping Tests all Sentinel Rejection should fail validation with 400 when X-Branch-Id is 'all'","invocations":1,"location":null,"numPassingAsserts":3,"retryReasons":[],"status":"passed","title":"should fail validation with 400 when X-Branch-Id is 'all'"},{"ancestorTitles":["Customer Core Integration & Scoping Tests","Customer Creation"],"duration":1,"failureDetails":[],"failureMessages":[],"fullName":"Customer Core Integration & Scoping Tests Customer Creation should reject creation if X-Branch-Id is omitted for org-wide user","invocations":1,"location":null,"numPassingAsserts":3,"retryReasons":[],"status":"passed","title":"should reject creation if X-Branch-Id is omitted for org-wide user"},{"ancestorTitles":["Customer Core Integration & Scoping Tests","Customer Creation"],"duration":11,"failureDetails":[],"failureMessages":[],"fullName":"Customer Core Integration & Scoping Tests Customer Creation should ignore homeBranchId passed manually in body","invocations":1,"location":null,"numPassingAsserts":2,"retryReasons":[],"status":"passed","title":"should ignore homeBranchId passed manually in body"},{"ancestorTitles":["Customer Core Integration & Scoping Tests","homeBranchId Immutability and Hardening"],"duration":1,"failureDetails":[],"failureMessages":[],"fullName":"Customer Core Integration & Scoping Tests homeBranchId Immutability and Hardening Test 1 — should reject explicit attempt to update homeBranchId","invocations":1,"location":null,"numPassingAsserts":5,"retryReasons":[],"status":"passed","title":"Test 1 — should reject explicit attempt to update homeBranchId"},{"ancestorTitles":["Customer Core Integration & Scoping Tests","homeBranchId Immutability and Hardening"],"duration":1,"failureDetails":[],"failureMessages":[],"fullName":"Customer Core Integration & Scoping Tests homeBranchId Immutability and Hardening Test 2 — should reject explicit attempt to update organizationId","invocations":1,"location":null,"numPassingAsserts":5,"retryReasons":[],"status":"passed","title":"Test 2 — should reject explicit attempt to update organizationId"},{"ancestorTitles":["Customer Core Integration & Scoping Tests","homeBranchId Immutability and Hardening"],"duration":0,"failureDetails":[],"failureMessages":[],"fullName":"Customer Core Integration & Scoping Tests homeBranchId Immutability and Hardening Test 3 — should reject explicit attempt to update visitedBranchIds","invocations":1,"location":null,"numPassingAsserts":5,"retryReasons":[],"status":"passed","title":"Test 3 — should reject explicit attempt to update visitedBranchIds"},{"ancestorTitles":["Customer Core Integration & Scoping Tests","homeBranchId Immutability and Hardening"],"duration":1,"failureDetails":[],"failureMessages":[],"fullName":"Customer Core Integration & Scoping Tests homeBranchId Immutability and Hardening Test 4 — Mixed valid and immutable fields (should reject entire update)","invocations":1,"location":null,"numPassingAsserts":4,"retryReasons":[],"status":"passed","title":"Test 4 — Mixed valid and immutable fields (should reject entire update)"},{"ancestorTitles":["Customer Core Integration & Scoping Tests","homeBranchId Immutability and Hardening"],"duration":1,"failureDetails":[],"failureMessages":[],"fullName":"Customer Core Integration & Scoping Tests homeBranchId Immutability and Hardening Test 5 — Valid update without immutable fields","invocations":1,"location":null,"numPassingAsserts":4,"retryReasons":[],"status":"passed","title":"Test 5 — Valid update without immutable fields"},{"ancestorTitles":["Customer Core Integration & Scoping Tests","homeBranchId Immutability and Hardening"],"duration":1,"failureDetails":[],"failureMessages":[],"fullName":"Customer Core Integration & Scoping Tests homeBranchId Immutability and Hardening Test 6 — should reject updates if customer is deactivated and body does not reactivate them","invocations":1,"location":null,"numPassingAsserts":3,"retryReasons":[],"status":"passed","title":"Test 6 — should reject updates if customer is deactivated and body does not reactivate them"},{"ancestorTitles":["Customer Core Integration & Scoping Tests","Customer List Filtering and Sorting"],"duration":1,"failureDetails":[],"failureMessages":[],"fullName":"Customer Core Integration & Scoping Tests Customer List Filtering and Sorting should query customers defaulting to active-only (true or missing isActive) and using safe sorting options","invocations":1,"location":null,"numPassingAsserts":1,"retryReasons":[],"status":"passed","title":"should query customers defaulting to active-only (true or missing isActive) and using safe sorting options"},{"ancestorTitles":["Customer Core Integration & Scoping Tests","Customer List Filtering and Sorting"],"duration":0,"failureDetails":[],"failureMessages":[],"fullName":"Customer Core Integration & Scoping Tests Customer List Filtering and Sorting should query customers matching explicitly inactive when queried","invocations":1,"location":null,"numPassingAsserts":1,"retryReasons":[],"status":"passed","title":"should query customers matching explicitly inactive when queried"},{"ancestorTitles":["Customer Core Integration & Scoping Tests","Customer List Filtering and Sorting"],"duration":26,"failureDetails":[],"failureMessages":[],"fullName":"Customer Core Integration & Scoping Tests Customer List Filtering and Sorting should run migrateCustomersLogic successfully","invocations":1,"location":null,"numPassingAsserts":4,"retryReasons":[],"status":"passed","title":"should run migrateCustomersLogic successfully"},{"ancestorTitles":["Customer Core Integration & Scoping Tests","Customer Reactivation Endpoint"],"duration":6,"failureDetails":[],"failureMessages":[],"fullName":"Customer Core Integration & Scoping Tests Customer Reactivation Endpoint should reactivate a soft-deleted customer","invocations":1,"location":null,"numPassingAsserts":2,"retryReasons":[],"status":"passed","title":"should reactivate a soft-deleted customer"}],"endTime":1786447970056,"message":"","name":"C:\\Users\\deves\\Desktop\\Projects\\Saloon ERP\\src\\tests\\customers\\customer.integration.test.js","startTime":1786447969471,"status":"passed","summary":""},{"assertionResults":[{"ancestorTitles":["Customer Filtering, Pagination, and Scoping Audits","Requirement G1 & G4: Active customer returned by default listing"],"duration":9,"failureDetails":[],"failureMessages":[],"fullName":"Customer Filtering, Pagination, and Scoping Audits Requirement G1 & G4: Active customer returned by default listing should query active/legacy customers when isActive is missing","invocations":1,"location":null,"numPassingAsserts":1,"retryReasons":[],"status":"passed","title":"should query active/legacy customers when isActive is missing"},{"ancestorTitles":["Customer Filtering, Pagination, and Scoping Audits","Requirement G2: isActive=true returns active customer"],"duration":1,"failureDetails":[],"failureMessages":[],"fullName":"Customer Filtering, Pagination, and Scoping Audits Requirement G2: isActive=true returns active customer should query strictly status: 'active' when isActive=true query parameter is supplied","invocations":1,"location":null,"numPassingAsserts":1,"retryReasons":[],"status":"passed","title":"should query strictly status: 'active' when isActive=true query parameter is supplied"},{"ancestorTitles":["Customer Filtering, Pagination, and Scoping Audits","Requirement G3: isActive=false returns inactive customer"],"duration":1,"failureDetails":[],"failureMessages":[],"fullName":"Customer Filtering, Pagination, and Scoping Audits Requirement G3: isActive=false returns inactive customer should query strictly status in inactive/blocked when isActive=false query parameter is supplied","invocations":1,"location":null,"numPassingAsserts":1,"retryReasons":[],"status":"passed","title":"should query strictly status in inactive/blocked when isActive=false query parameter is supplied"},{"ancestorTitles":["Customer Filtering, Pagination, and Scoping Audits","Requirement G5: Soft-deleted customer is excluded"],"duration":0,"failureDetails":[],"failureMessages":[],"fullName":"Customer Filtering, Pagination, and Scoping Audits Requirement G5: Soft-deleted customer is excluded should verify that the find query has isDeleted: { $ne: true } implicitly added or repository honors it","invocations":1,"location":null,"numPassingAsserts":1,"retryReasons":[],"status":"passed","title":"should verify that the find query has isDeleted: { $ne: true } implicitly added or repository honors it"},{"ancestorTitles":["Customer Filtering, Pagination, and Scoping Audits","Requirement G6: Branch-scoped user only sees customers from permitted branch"],"duration":1,"failureDetails":[],"failureMessages":[],"fullName":"Customer Filtering, Pagination, and Scoping Audits Requirement G6: Branch-scoped user only sees customers from permitted branch should apply homeBranchId and visitedBranchIds checks when activeBranchId is present","invocations":1,"location":null,"numPassingAsserts":1,"retryReasons":[],"status":"passed","title":"should apply homeBranchId and visitedBranchIds checks when activeBranchId is present"},{"ancestorTitles":["Customer Filtering, Pagination, and Scoping Audits","Requirement G7: Organization-wide user follows hasOrgWideAccess scoping rules"],"duration":0,"failureDetails":[],"failureMessages":[],"fullName":"Customer Filtering, Pagination, and Scoping Audits Requirement G7: Organization-wide user follows hasOrgWideAccess scoping rules should omit branch filtering when hasOrgWideAccess is true and X-Branch-Id header is omitted","invocations":1,"location":null,"numPassingAsserts":1,"retryReasons":[],"status":"passed","title":"should omit branch filtering when hasOrgWideAccess is true and X-Branch-Id header is omitted"},{"ancestorTitles":["Customer Filtering, Pagination, and Scoping Audits","Requirement G8 & G9: data.length and meta.total/totalPages consistency"],"duration":1,"failureDetails":[],"failureMessages":[],"fullName":"Customer Filtering, Pagination, and Scoping Audits Requirement G8 & G9: data.length and meta.total/totalPages consistency should return consistent total and totalPages pagination metadata","invocations":1,"location":null,"numPassingAsserts":5,"retryReasons":[],"status":"passed","title":"should return consistent total and totalPages pagination metadata"},{"ancestorTitles":["Customer Filtering, Pagination, and Scoping Audits","Requirement G8 & G9: data.length and meta.total/totalPages consistency"],"duration":2,"failureDetails":[],"failureMessages":[],"fullName":"Customer Filtering, Pagination, and Scoping Audits Requirement G8 & G9: data.length and meta.total/totalPages consistency should correctly calculate 0 totalPages when 0 records match","invocations":1,"location":null,"numPassingAsserts":3,"retryReasons":[],"status":"passed","title":"should correctly calculate 0 totalPages when 0 records match"},{"ancestorTitles":["Customer Filtering, Pagination, and Scoping Audits","Requirement G10: Search + isActive filter combination"],"duration":3,"failureDetails":[],"failureMessages":[],"fullName":"Customer Filtering, Pagination, and Scoping Audits Requirement G10: Search + isActive filter combination should query with search query AND status: 'active'","invocations":1,"location":null,"numPassingAsserts":1,"retryReasons":[],"status":"passed","title":"should query with search query AND status: 'active'"},{"ancestorTitles":["Customer Filtering, Pagination, and Scoping Audits","Requirement G11: Pagination + isActive filter combination"],"duration":1,"failureDetails":[],"failureMessages":[],"fullName":"Customer Filtering, Pagination, and Scoping Audits Requirement G11: Pagination + isActive filter combination should support page/limit pagination together with status: 'active'","invocations":1,"location":null,"numPassingAsserts":4,"retryReasons":[],"status":"passed","title":"should support page/limit pagination together with status: 'active'"},{"ancestorTitles":["Customer Filtering, Pagination, and Scoping Audits","Requirement G12: Branch + isActive filter combination"],"duration":1,"failureDetails":[],"failureMessages":[],"fullName":"Customer Filtering, Pagination, and Scoping Audits Requirement G12: Branch + isActive filter combination should apply branch scoping and status filters together in the same query","invocations":1,"location":null,"numPassingAsserts":1,"retryReasons":[],"status":"passed","title":"should apply branch scoping and status filters together in the same query"}],"endTime":1786447970900,"message":"","name":"C:\\Users\\deves\\Desktop\\Projects\\Saloon ERP\\src\\tests\\customers\\customer.filters.test.js","startTime":1786447970071,"status":"passed","summary":""},{"assertionResults":[{"ancestorTitles":["RBAC Authorization Middleware"],"duration":22,"failureDetails":[],"failureMessages":[],"fullName":"RBAC Authorization Middleware should not bypass permission checks for admin based on role name alone","invocations":1,"location":null,"numPassingAsserts":1,"retryReasons":[],"status":"passed","title":"should not bypass permission checks for admin based on role name alone"},{"ancestorTitles":["RBAC Authorization Middleware"],"duration":3,"failureDetails":[],"failureMessages":[],"fullName":"RBAC Authorization Middleware should authorize request and cache permissions on cache miss","invocations":1,"location":null,"numPassingAsserts":3,"retryReasons":[],"status":"passed","title":"should authorize request and cache permissions on cache miss"},{"ancestorTitles":["RBAC Authorization Middleware"],"duration":1,"failureDetails":[],"failureMessages":[],"fullName":"RBAC Authorization Middleware should authorize request from Redis cache on cache hit","invocations":1,"location":null,"numPassingAsserts":2,"retryReasons":[],"status":"passed","title":"should authorize request from Redis cache on cache hit"},{"ancestorTitles":["RBAC Authorization Middleware"],"duration":3,"failureDetails":[],"failureMessages":[],"fullName":"RBAC Authorization Middleware should block request and throw 403 if role doesn't have the permission","invocations":1,"location":null,"numPassingAsserts":1,"retryReasons":[],"status":"passed","title":"should block request and throw 403 if role doesn't have the permission"},{"ancestorTitles":["RBAC Authorization Middleware"],"duration":2,"failureDetails":[],"failureMessages":[],"fullName":"RBAC Authorization Middleware should check and block branch scoping if target branch is unauthorized","invocations":1,"location":null,"numPassingAsserts":1,"retryReasons":[],"status":"passed","title":"should check and block branch scoping if target branch is unauthorized"}],"endTime":1786447971765,"message":"","name":"C:\\Users\\deves\\Desktop\\Projects\\Saloon ERP\\src\\tests\\rbac\\rbac.test.js","startTime":1786447970907,"status":"passed","summary":""},{"assertionResults":[{"ancestorTitles":["UserRepository Tenant Isolation (Phase 2)","Tenant Isolation on UserRepository queries"],"duration":12,"failureDetails":[],"failureMessages":[],"fullName":"UserRepository Tenant Isolation (Phase 2) Tenant Isolation on UserRepository queries should allow Organization A to retrieve its own User","invocations":1,"location":null,"numPassingAsserts":3,"retryReasons":[],"status":"passed","title":"should allow Organization A to retrieve its own User"},{"ancestorTitles":["UserRepository Tenant Isolation (Phase 2)","Tenant Isolation on UserRepository queries"],"duration":0,"failureDetails":[],"failureMessages":[],"fullName":"UserRepository Tenant Isolation (Phase 2) Tenant Isolation on UserRepository queries should prevent Organization A from retrieving Organization B's User by ID","invocations":1,"location":null,"numPassingAsserts":2,"retryReasons":[],"status":"passed","title":"should prevent Organization A from retrieving Organization B's User by ID"},{"ancestorTitles":["UserRepository Tenant Isolation (Phase 2)","Tenant Isolation on UserRepository queries"],"duration":1,"failureDetails":[],"failureMessages":[],"fullName":"UserRepository Tenant Isolation (Phase 2) Tenant Isolation on UserRepository queries should prevent Organization A from upda
[...]
"passed","title":"Admin-created User gets isFirstLogin = true and temporary password is not exposed"}],"endTime":1786447978165,"message":"","name":"C:\\Users\\deves\\Desktop\\Projects\\Saloon ERP\\src\\tests\\auth\\userCrud.integration.test.js","startTime":1786447977449,"status":"passed","summary":""},{"assertionResults":[{"ancestorTitles":["Services Module Unit Tests","ServiceCategory Operations"],"duration":4,"failureDetails":[],"failureMessages":[],"fullName":"Services Module Unit Tests ServiceCategory Operations should successfully create a service category","invocations":1,"location":null,"numPassingAsserts":3,"retryReasons":[],"status":"passed","title":"should successfully create a service category"},{"ancestorTitles":["Services Module Unit Tests","ServiceCategory Operations"],"duration":14,"failureDetails":[],"failureMessages":[],"fullName":"Services Module Unit Tests ServiceCategory Operations should reject creation of category if name duplicate exists in branch","invocations":1,"location":null,"numPassingAsserts":1,"retryReasons":[],"status":"passed","title":"should reject creation of category if name duplicate exists in branch"},{"ancestorTitles":["Services Module Unit Tests","ServiceCategory Operations"],"duration":1,"failureDetails":[],"failureMessages":[],"fullName":"Services Module Unit Tests ServiceCategory Operations should reject deactivation of category if it has active services","invocations":1,"location":null,"numPassingAsserts":1,"retryReasons":[],"status":"passed","title":"should reject deactivation of category if it has active services"},{"ancestorTitles":["Services Module Unit Tests","Service Operations"],"duration":2,"failureDetails":[],"failureMessages":[],"fullName":"Services Module Unit Tests Service Operations should successfully create a service and generate code","invocations":1,"location":null,"numPassingAsserts":2,"retryReasons":[],"status":"passed","title":"should successfully create a service and generate code"},{"ancestorTitles":["Services Module Unit Tests","Service Operations"],"duration":3,"failureDetails":[],"failureMessages":[],"fullName":"Services Module Unit Tests Service Operations should reject service creation if category branch mismatch occurs","invocations":1,"location":null,"numPassingAsserts":1,"retryReasons":[],"status":"passed","title":"should reject service creation if category branch mismatch occurs"},{"ancestorTitles":["Services Module Unit Tests","Service Operations"],"duration":2,"failureDetails":[],"failureMessages":[],"fullName":"Services Module Unit Tests Service Operations should reject updates to immutable properties","invocations":1,"location":null,"numPassingAsserts":2,"retryReasons":[],"status":"passed","title":"should reject updates to immutable properties"},{"ancestorTitles":["Services Module Unit Tests","Service Operations"],"duration":1,"failureDetails":[],"failureMessages":[],"fullName":"Services Module Unit Tests Service Operations should successfully reactivate service if category is active","invocations":1,"location":null,"numPassingAsserts":1,"retryReasons":[],"status":"passed","title":"should successfully reactivate service if category is active"},{"ancestorTitles":["Services Module Unit Tests","Reactivate Category"],"duration":1,"failureDetails":[],"failureMessages":[],"fullName":"Services Module Unit Tests Reactivate Category should successfully reactivate category","invocations":1,"location":null,"numPassingAsserts":1,"retryReasons":[],"status":"passed","title":"should successfully reactivate category"}],"endTime":1786447978930,"message":"","name":"C:\\Users\\deves\\Desktop\\Projects\\Saloon ERP\\src\\tests\\services\\service.test.js","startTime":1786447978178,"status":"passed","summary":""},{"assertionResults":[{"ancestorTitles":["Leave router registration and middleware ordering"],"duration":3,"failureDetails":[],"failureMessages":[],"fullName":"Leave router registration and middleware ordering registers the FINAL route table","invocations":1,"location":null,"numPassingAsserts":1,"retryReasons":[],"status":"passed","title":"registers the FINAL route table"},{"ancestorTitles":["Leave router registration and middleware ordering"],"duration":0,"failureDetails":[],"failureMessages":[],"fullName":"Leave router registration and middleware ordering uses the correct middleware order for create","invocations":1,"location":null,"numPassingAsserts":1,"retryReasons":[],"status":"passed","title":"uses the correct middleware order for create"},{"ancestorTitles":["Leave router registration and middleware ordering"],"duration":1,"failureDetails":[],"failureMessages":[],"fullName":"Leave router registration and middleware ordering uses the correct middleware order for list/detail","invocations":1,"location":null,"numPassingAsserts":2,"retryReasons":[],"status":"passed","title":"uses the correct middleware order for list/detail"},{"ancestorTitles":["Leave router registration and middleware ordering"],"duration":1,"failureDetails":[],"failureMessages":[],"fullName":"Leave router registration and middleware ordering uses view permission for update/cancel and manage for approval routes","invocations":1,"location":null,"numPassingAsserts":4,"retryReasons":[],"status":"passed","title":"uses view permission for update/cancel and manage for approval routes"},{"ancestorTitles":["Leave router registration and middleware ordering"],"duration":0,"failureDetails":[],"failureMessages":[],"fullName":"Leave router registration and middleware ordering executes validation before requireOnBehalfManage on create","invocations":1,"location":null,"numPassingAsserts":1,"retryReasons":[],"status":"passed","title":"executes validation before requireOnBehalfManage on create"},{"ancestorTitles":["Leave router registration and middleware ordering"],"duration":1,"failureDetails":[],"failureMessages":[],"fullName":"Leave router registration and middleware ordering does not invent new permission names","invocations":1,"location":null,"numPassingAsserts":1,"retryReasons":[],"status":"passed","title":"does not invent new permission names"}],"endTime":1786447979231,"message":"","name":"C:\\Users\\deves\\Desktop\\Projects\\Saloon ERP\\src\\tests\\leaves\\leave.router.test.js","startTime":1786447978935,"status":"passed","summary":""},{"assertionResults":[{"ancestorTitles":["requireOnBehalfManage middleware"],"duration":2,"failureDetails":[],"failureMessages":[],"fullName":"requireOnBehalfManage middleware allows self-service create when staffId is omitted","invocations":1,"location":null,"numPassingAsserts":3,"retryReasons":[],"status":"passed","title":"allows self-service create when staffId is omitted"},{"ancestorTitles":["requireOnBehalfManage middleware"],"duration":1,"failureDetails":[],"failureMessages":[],"fullName":"requireOnBehalfManage middleware allows self-service create when staffId matches actor staff","invocations":1,"location":null,"numPassingAsserts":3,"retryReasons":[],"status":"passed","title":"allows self-service create when staffId matches actor staff"},{"ancestorTitles":["requireOnBehalfManage middleware"],"duration":1,"failureDetails":[],"failureMessages":[],"fullName":"requireOnBehalfManage middleware requires manage permission for on-behalf create with different staffId","invocations":1,"location":null,"numPassingAsserts":2,"retryReasons":[],"status":"passed","title":"requires manage permission for on-behalf create with different staffId"},{"ancestorTitles":["requireOnBehalfManage middleware"],"duration":0,"failureDetails":[],"failureMessages":[],"fullName":"requireOnBehalfManage middleware requires manage permission when actor has no linked staff","invocations":1,"location":null,"numPassingAsserts":2,"retryReasons":[],"status":"passed","title":"requires manage permission when actor has no linked staff"},{"ancestorTitles":["requireOnBehalfManage middleware"],"duration":1,"failureDetails":[],"failureMessages":[],"fullName":"requireOnBehalfManage middleware propagates manage-permission denial from existing RBAC middleware","invocations":1,"location":null,"numPassingAsserts":1,"retryReasons":[],"status":"passed","title":"propagates manage-permission denial from existing RBAC middleware"},{"ancestorTitles":["requireOnBehalfManage middleware"],"duration":0,"failureDetails":[],"failureMessages":[],"fullName":"requireOnBehalfManage middleware delegates to requirePermission instead of duplicating RBAC resolution logic","invocations":1,"location":null,"numPassingAsserts":2,"retryReasons":[],"status":"passed","title":"delegates to requirePermission instead of duplicating RBAC resolution logic"}],"endTime":1786447979471,"message":"","name":"C:\\Users\\deves\\Desktop\\Projects\\Saloon ERP\\src\\tests\\leaves\\leaveScope.middleware.test.js","startTime":1786447979234,"status":"passed","summary":""},{"assertionResults":[{"ancestorTitles":["Leaves Phase 3 — createLeaveSchema"],"duration":3,"failureDetails":[],"failureMessages":[],"fullName":"Leaves Phase 3 — createLeaveSchema valid request passes (self-service, no staffId)","invocations":1,"location":null,"numPassingAsserts":5,"retryReasons":[],"status":"passed","title":"valid request passes (self-service, no staffId)"},{"ancestorTitles":["Leaves Phase 3 — createLeaveSchema"],"duration":0,"failureDetails":[],"failureMessages":[],"fullName":"Leaves Phase 3 — createLeaveSchema valid request with staffId passes (on-behalf)","invocations":1,"location":null,"numPassingAsserts":1,"retryReasons":[],"status":"passed","title":"valid request with staffId passes (on-behalf)"},{"ancestorTitles":["Leaves Phase 3 — createLeaveSchema"],"duration":1,"failureDetails":[],"failureMessages":[],"fullName":"Leaves Phase 3 — createLeaveSchema missing required fields rejected","invocations":1,"location":null,"numPassingAsserts":5,"retryReasons":[],"status":"passed","title":"missing required fields rejected"},{"ancestorTitles":["Leaves Phase 3 — createLeaveSchema"],"duration":1,"failureDetails":[],"failureMessages":[],"fullName":"Leaves Phase 3 — createLeaveSchema invalid ObjectId for staffId rejected","invocations":1,"location":null,"numPassingAsserts":1,"retryReasons":[],"status":"passed","title":"invalid ObjectId for staffId rejected"},{"ancestorTitles":["Leaves Phase 3 — createLeaveSchema"],"duration":0,"failureDetails":[],"failureMessages":[],"fullName":"Leaves Phase 3 — createLeaveSchema invalid calendar date rejected (2026-02-30)","invocations":1,"location":null,"numPassingAsserts":1,"retryReasons":[],"status":"passed","title":"invalid calendar date rejected (2026-02-30)"},{"ancestorTitles":["Leaves Phase 3 — createLeaveSchema"],"duration":0,"failureDetails":[],"failureMessages":[],"fullName":"Leaves Phase 3 — createLeaveSchema datetime string rejected","invocations":1,"location":null,"numPassingAsserts":1,"retryReasons":[],"status":"passed","title":"datetime string rejected"},{"ancestorTitles":["Leaves Phase 3 — createLeaveSchema"],"duration":0,"failureDetails":[],"failureMessages":[],"fullName":"Leaves Phase 3 — createLeaveSchema reversed dates rejected (endDate < startDate)","invocations":1,"location":null,"numPassingAsserts":1,"retryReasons":[],"status":"passed","title":"reversed dates rejected (endDate < startDate)"},{"ancestorTitles":["Leaves Phase 3 — createLeaveSchema"],"duration":1,"failureDetails":[],"failureMessages":[],"fullName":"Leaves Phase 3 — createLeaveSchema 365-day boundary accepted","invocations":1,"location":null,"numPassingAsserts":1,"retryReasons":[],"status":"passed","title":"365-day boundary accepted"},{"ancestorTitles":["Leaves Phase 3 — createLeaveSchema"],"duration":1,"failureDetails":[],"failureMessages":[],"fullName":"Leaves Phase 3 — createLeaveSchema 366-day range rejected (leap year)","invocations":1,"location":null,"numPassingAsserts":1,"retryReasons":[],"status":"passed","title":"366-day range rejected (leap year)"},{"ancestorTitles":["Leaves Phase 3 — createLeaveSchema"],"duration":8,"failureDetails":[],"failureMessages":[],"fullName":"Leaves Phase 3 — createLeaveSchema server-owned fields rejected","invocations":1,"location":null,"numPassingAsserts":12,"retryReasons":[],"status":"passed","title":"server-owned fields rejected"},{"ancestorTitles":["Leaves Phase 3 — createLeaveSchema"],"duration":0,"failureDetails":[],"failureMessages":[],"fullName":"Leaves Phase 3 — createLeaveSchema dates field rejected","invocations":1,"location":null,"numPassingAsserts":1,"retryReasons":[],"status":"passed","title":"dates field rejected"},{"ancestorTitles":["Leaves Phase 3 — updateLeaveSchema"],"duration":0,"failureDetails":[],"failureMessages":[],"fullName":"Leaves Phase 3 — updateLeaveSchema valid partial update passes","invocations":1,"location":null,"numPassingAsserts":1,"retryReasons":[],"status":"passed","title":"valid partial update passes"},{"ancestorTitles":["Leaves Phase 3 — updateLeaveSchema"],"duration":1,"failureDetails":[],"failureMessages":[],"fullName":"Leaves Phase 3 — updateLeaveSchema status rejected from generic update","invocations":1,"location":null,"numPassingAsserts":1,"retryReasons":[],"status":"passed","title":"status rejected from generic update"},{"ancestorTitles":["Leaves Phase 3 — updateLeaveSchema"],"duration":0,"failureDetails":[],"failureMessages":[],"fullName":"Leaves Phase 3 — updateLeaveSchema staffId rejected from generic update","invocations":1,"location":null,"numPassingAsserts":1,"retryReasons":[],"status":"passed","title":"staffId rejected from generic update"},{"ancestorTitles":["Leaves Phase 3 — updateLeaveSchema"],"duration":0,"failureDetails":[],"failureMessages":[],"fullName":"Leaves Phase 3 — updateLeaveSchema server-owned fields rejected","invocations":1,"location":null,"numPassingAsserts":1,"retryReasons":[],"status":"passed","title":"server-owned fields rejected"},{"ancestorTitles":["Leaves Phase 3 — updateLeaveSchema"],"duration":0,"failureDetails":[],"failureMessages":[],"fullName":"Leaves Phase 3 — updateLeaveSchema dates rejected from update","invocations":1,"location":null,"numPassingAsserts":1,"retryReasons":[],"status":"passed","title":"dates rejected from update"},{"ancestorTitles":["Leaves Phase 3 — updateLeaveSchema"],"duration":1,"failureDetails":[],"failureMessages":[],"fullName":"Leaves Phase 3 — updateLeaveSchema reversed dates rejected on update","invocations":1,"location":null,"numPassingAsserts":1,"retryReasons":[],"status":"passed","title":"reversed dates rejected on update"},{"ancestorTitles":["Leaves Phase 3 — updateLeaveSchema"],"duration":1,"failureDetails":[],"failureMessages":[],"fullName":"Leaves Phase 3 — updateLeaveSchema 366-day range rejected on update","invocations":1,"location":null,"numPassingAsserts":1,"retryReasons":[],"status":"passed","title":"366-day range rejected on update"},{"ancestorTitles":["Leaves Phase 3 — queryLeaveSchema"],"duration":0,"failureDetails":[],"failureMessages":[],"fullName":"Leaves Phase 3 — queryLeaveSchema valid query passes with defaults","invocations":1,"location":null,"numPassingAsserts":4,"retryReasons":[],"status":"passed","title":"valid query passes with defaults"},{"ancestorTitles":["Leaves Phase 3 — queryLeaveSchema"],"duration":1,"failureDetails":[],"failureMessages":[],"fullName":"Leaves Phase 3 — queryLeaveSchema valid filters pass","invocations":1,"location":null,"numPassingAsserts":1,"retryReasons":[],"status":"passed","title":"valid filters pass"},{"ancestorTitles":["Leaves Phase 3 — queryLeaveSchema"],"duration":0,"failureDetails":[],"failureMessages":[],"fullName":"Leaves Phase 3 — queryLeaveSchema branchId rejected from query","invocations":1,"location":null,"numPassingAsserts":1,"retryReasons":[],"status":"passed","title":"branchId rejected from query"},{"ancestorTitles":["Leaves Phase 3 — queryLeaveSchema"],"duration":0,"failureDetails":[],"failureMessages":[],"fullName":"Leaves Phase 3 — queryLeaveSchema invalid sort field rejected","invocations":1,"location":null,"numPassingAsserts":1,"retryReasons":[],"status":"passed","title":"invalid sort field rejected"},{"ancestorTitles":["Leaves Phase 3 — queryLeaveSchema"],"duration":1,"failureDetails":[],"failureMessages":[],"fullName":"Leaves Phase 3 — queryLeaveSchema valid sort with '-' prefix passes","invocations":1,"location":null,"numPassingAsserts":1,"retryReasons":[],"status":"passed","title":"valid sort with '-' prefix passes"},{"ancestorTitles":["Leaves Phase 3 — queryLeaveSchema"],"duration":0,"failureDetails":[],"failureMessages":[],"fullName":"Leaves Phase 3 — queryLeaveSchema invalid status rejected","invocations":1,"location":null,"numPassingAsserts":1,"retryReasons":[],"status":"passed","title":"invalid status rejected"},{"ancestorTitles":["Leaves Phase 3 — queryLeaveSchema"],"duration":0,"failureDetails":[],"failureMessages":[],"fullName":"Leaves Phase 3 — queryLeaveSchema invalid calendar date in query rejected","invocations":1,"location":null,"numPassingAsserts":1,"retryReasons":[],"status":"passed","title":"invalid calendar date in query rejected"},{"ancestorTitles":["Leaves Phase 3 — approveLeaveSchema"],"duration":0,"failureDetails":[],"failureMessages":[],"fullName":"Leaves Phase 3 — approveLeaveSchema empty body passes (reviewNote optional)","invocations":1,"location":null,"numPassingAsserts":1,"retryReasons":[],"status":"passed","title":"empty body passes (reviewNote optional)"},{"ancestorTitles":["Leaves Phase 3 — approveLeaveSchema"],"duration":1,"failureDetails":[],"failureMessages":[],"fullName":"Leaves Phase 3 — approveLeaveSchema reviewNote passes","invocations":1,"location":null,"numPassingAsserts":1,"retryReasons":[],"status":"passed","title":"reviewNote passes"},{"ancestorTitles":["Leaves Phase 3 — approveLeaveSchema"],"duration":0,"failureDetails":[],"failureMessages":[],"fullName":"Leaves Phase 3 — approveLeaveSchema server-owned fields rejected","invocations":1,"location":null,"numPassingAsserts":1,"retryReasons":[],"status":"passed","title":"server-owned fields rejected"},{"ancestorTitles":["Leaves Phase 3 — rejectLeaveSchema"],"duration":1,"failureDetails":[],"failureMessages":[],"fullName":"Leaves Phase 3 — rejectLeaveSchema reviewNote required","invocations":1,"location":null,"numPassingAsserts":1,"retryReasons":[],"status":"passed","title":"reviewNote required"},{"ancestorTitles":["Leaves Phase 3 — rejectLeaveSchema"],"duration":0,"failureDetails":[],"failureMessages":[],"fullName":"Leaves Phase 3 — rejectLeaveSchema valid reviewNote passes","invocations":1,"location":null,"numPassingAsserts":1,"retryReasons":[],"status":"passed","title":"valid reviewNote passes"},{"ancestorTitles":["Leaves Phase 3 — rejectLeaveSchema"],"duration":0,"failureDetails":[],"failureMessages":[],"fullName":"Leaves Phase 3 — rejectLeaveSchema server-owned fields rejected","invocations":1,"location":null,"numPassingAsserts":1,"retryReasons":[],"status":"passed","title":"server-owned fields rejected"},{"ancestorTitles":["Leaves Phase 3 — cancelLeaveSchema"],"duration":1,"failureDetails":[],"failureMessages":[],"fullName":"Leaves Phase 3 — cancelLeaveSchema cancelReason required","invocations":1,"location":null,"numPassingAsserts":1,"retryReasons":[],"status":"passed","title":"cancelReason required"},{"ancestorTitles":["Leaves Phase 3 — cancelLeaveSchema"],"duration":0,"failureDetails":[],"failureMessages":[],"fullName":"Leaves Phase 3 — cancelLeaveSchema valid cancelReason passes","invocations":1,"location":null,"numPassingAsserts":1,"retryReasons":[],"status":"passed","title":"valid cancelReason passes"},{"ancestorTitles":["Leaves Phase 3 — cancelLeaveSchema"],"duration":0,"failureDetails":[],"failureMessages":[],"fullName":"Leaves Phase 3 — cancelLeaveSchema server-owned fields rejected","invocations":1,"location":null,"numPassingAsserts":1,"retryReasons":[],"status":"passed","title":"server-owned fields rejected"}],"endTime":1786447979678,"message":"","name":"C:\\Users\\deves\\Desktop\\Projects\\Saloon ERP\\src\\tests\\leaves\\leave.validation.test.js","startTime":1786447979477,"status":"passed","summary":""}],"wasInterrupted":false}
